<?xml version="1.0" encoding="utf-8"?>
<TestRun id="f189fa79-d1e4-4310-bdc7-8372c90b83f7" name="@archlive-nexus-x13 2026-06-06 19:17:25" xmlns="http://microsoft.com/schemas/VisualStudio/TeamTest/2010">
  <Times creation="2026-06-06T19:17:25.3907361+01:00" queuing="2026-06-06T19:17:25.3907362+01:00" start="2026-06-06T19:09:56.8898793+01:00" finish="2026-06-06T19:17:25.3980774+01:00" />
  <TestSettings name="default" id="8c32133e-bd7d-4f8f-ab47-2904791787b2">
    <Deployment runDeploymentRoot="_archlive-nexus-x13_2026-06-06_19_17_25" />
  </TestSettings>
  <Results>
    <UnitTestResult executionId="fc622f86-a93d-48a3-8fef-61e2247b230d" testId="2655e983-f253-4cb8-86a1-fd643e035319" testName="MagpieMcp.Api.Tests.SearchIntegrationTest.Test1" computerName="archlive-nexus-x13" duration="00:00:00.0489971" startTime="2026-06-06T19:17:25.2040399+01:00" endTime="2026-06-06T19:17:25.2649369+01:00" testType="13cdc9d9-ddb5-4fa4-a97d-d965ccfc6d4b" outcome="Failed" testListId="8c84fa94-04c1-424b-9868-57a2d4851a1d" relativeResultsDirectory="fc622f86-a93d-48a3-8fef-61e2247b230d">
      <Output>
        <ErrorInfo>
          <Message>System.NotImplementedException : The method or operation is not implemented.</Message>
          <StackTrace>   at MagpieMcp.Api.Services.SearchService.SearchAsync(String query, CancellationToken cancellationToken) in /mnt/d/projects/Personal/MagpieMcp/MagpieMcp.Api/Services/SearchService.cs:line 25
   at MagpieMcp.Api.Tests.SearchIntegrationTest.Test1() in /mnt/d/projects/Personal/MagpieMcp/MagpieMcp.Api.Tests/SearchIntegrationTest.cs:line 48
--- End of stack trace from previous location ---</StackTrace>
        </ErrorInfo>
      </Output>
    </UnitTestResult>
  </Results>
  <TestDefinitions>
    <UnitTest name="MagpieMcp.Api.Tests.SearchIntegrationTest.Test1" storage="/mnt/d/projects/personal/magpiemcp/magpiemcp.api.tests/bin/debug/net10.0/magpiemcp.api.tests.dll" id="2655e983-f253-4cb8-86a1-fd643e035319">
      <Execution id="fc622f86-a93d-48a3-8fef-61e2247b230d" />
      <TestMethod codeBase="/mnt/d/projects/Personal/MagpieMcp/MagpieMcp.Api.Tests/bin/Debug/net10.0/MagpieMcp.Api.Tests.dll" adapterTypeName="executor://xunit/VsTestRunner3/netcore/" className="MagpieMcp.Api.Tests.SearchIntegrationTest" name="Test1" />
    </UnitTest>
  </TestDefinitions>
  <TestEntries>
    <TestEntry testId="2655e983-f253-4cb8-86a1-fd643e035319" executionId="fc622f86-a93d-48a3-8fef-61e2247b230d" testListId="8c84fa94-04c1-424b-9868-57a2d4851a1d" />
  </TestEntries>
  <TestLists>
    <TestList name="Results Not in a List" id="8c84fa94-04c1-424b-9868-57a2d4851a1d" />
    <TestList name="All Loaded Results" id="19431567-8539-422a-85d7-44ee4e166bda" />
  </TestLists>
  <ResultSummary outcome="Failed">
    <Counters total="1" executed="1" passed="0" failed="1" error="0" timeout="0" aborted="0" inconclusive="0" passedButRunAborted="0" notRunnable="0" notExecuted="0" disconnected="0" warning="0" completed="0" inProgress="0" pending="0" />
    <Output>
      <StdOut>Waiting for debugger attach...
Process Id: 928896, Name: dotnet
[xUnit.net 00:00:00.01] xUnit.net VSTest Adapter v3.1.4+50e68bbb8b (64-bit .NET 10.0.8)
[xUnit.net 00:00:00.28]   Discovering: MagpieMcp.Api.Tests
[xUnit.net 00:00:00.36]   Discovered:  MagpieMcp.Api.Tests
[xUnit.net 00:00:00.40]   Starting:    MagpieMcp.Api.Tests
[xUnit.net 00:00:00.50]       System.NotImplementedException : The method or operation is not implemented.
[xUnit.net 00:00:00.50]       Stack Trace:
[xUnit.net 00:00:00.50]         /mnt/d/projects/Personal/MagpieMcp/MagpieMcp.Api/Services/SearchService.cs(25,0): at MagpieMcp.Api.Services.SearchService.SearchAsync(String query, CancellationToken cancellationToken)
[xUnit.net 00:00:00.50]         /mnt/d/projects/Personal/MagpieMcp/MagpieMcp.Api.Tests/SearchIntegrationTest.cs(48,0): at MagpieMcp.Api.Tests.SearchIntegrationTest.Test1()
[xUnit.net 00:00:00.50]         --- End of stack trace from previous location ---
[xUnit.net 00:00:00.52]   Finished:    MagpieMcp.Api.Tests
</StdOut>
    </Output>
    <RunInfos>
      <RunInfo computerName="archlive-nexus-x13" outcome="Error" timestamp="2026-06-06T19:17:25.2675424+01:00">
        <Text>[xUnit.net 00:00:00.50]     MagpieMcp.Api.Tests.SearchIntegrationTest.Test1 [FAIL]</Text>
      </RunInfo>
    </RunInfos>
  </ResultSummary>
</TestRun>