<?xml version="1.0" encoding="utf-8"?>
<TestRun id="2b344015-63b3-46c9-8e68-7911a341b032" name="@archlive-nexus-x13 2026-06-06 20:12:40" xmlns="http://microsoft.com/schemas/VisualStudio/TeamTest/2010">
  <Times creation="2026-06-06T20:12:40.0403778+01:00" queuing="2026-06-06T20:12:40.0403778+01:00" start="2026-06-06T19:52:35.8601844+01:00" finish="2026-06-06T20:12:40.0408469+01:00" />
  <TestSettings name="default" id="5ed15406-fb93-471e-b472-66fe5ef38f66">
    <Deployment runDeploymentRoot="_archlive-nexus-x13_2026-06-06_20_12_40" />
  </TestSettings>
  <TestLists>
    <TestList name="Results Not in a List" id="8c84fa94-04c1-424b-9868-57a2d4851a1d" />
    <TestList name="All Loaded Results" id="19431567-8539-422a-85d7-44ee4e166bda" />
  </TestLists>
  <ResultSummary outcome="Failed">
    <Counters total="0" executed="0" passed="0" failed="0" error="0" timeout="0" aborted="0" inconclusive="0" passedButRunAborted="0" notRunnable="0" notExecuted="0" disconnected="0" warning="0" completed="0" inProgress="0" pending="0" />
    <Output>
      <StdOut>Waiting for debugger attach...
Process Id: 947427, Name: dotnet
[xUnit.net 00:00:00.02] xUnit.net VSTest Adapter v3.1.4+50e68bbb8b (64-bit .NET 10.0.8)
[xUnit.net 00:00:01.02]   Discovering: MagpieMcp.Api.Tests
[xUnit.net 00:00:01.51]   Discovered:  MagpieMcp.Api.Tests
[xUnit.net 00:00:01.70]   Starting:    MagpieMcp.Api.Tests
</StdOut>
    </Output>
    <RunInfos>
      <RunInfo computerName="archlive-nexus-x13" outcome="Warning" timestamp="2026-06-06T19:52:48.5661002+01:00">
        <Text>[xUnit.net 00:00:00.06] * Note: Long running test detection and test timeouts are disabled due to an attached debugger *</Text>
      </RunInfo>
      <RunInfo computerName="archlive-nexus-x13" outcome="Error" timestamp="2026-06-06T20:12:40.0230787+01:00">
        <Text>The active test run was aborted. Reason: Test host process crashed</Text>
      </RunInfo>
    </RunInfos>
  </ResultSummary>
</TestRun>