<?xml version="1.0" encoding="utf-8"?>
<TestRun id="91ed8d1b-ffec-4740-919e-0280753bf70a" name="@archlive-nexus-x13 2026-06-06 20:43:54" xmlns="http://microsoft.com/schemas/VisualStudio/TeamTest/2010">
  <Times creation="2026-06-06T20:43:54.0214307+01:00" queuing="2026-06-06T20:43:54.0214308+01:00" start="2026-06-06T20:42:32.6089747+01:00" finish="2026-06-06T20:43:54.0340895+01:00" />
  <TestSettings name="default" id="b0ba8e6a-1d2b-47d5-b822-cb1ca9c4e3af">
    <Deployment runDeploymentRoot="_archlive-nexus-x13_2026-06-06_20_43_54" />
  </TestSettings>
  <Results>
    <UnitTestResult executionId="62a2238d-ace9-4465-8b7c-3f21037908e7" testId="2655e983-f253-4cb8-86a1-fd643e035319" testName="MagpieMcp.Api.Tests.SearchIntegrationTest.Test1" computerName="archlive-nexus-x13" duration="00:01:12.3261603" startTime="2026-06-06T20:42:41.5189184+01:00" endTime="2026-06-06T20:43:53.8646853+01:00" testType="13cdc9d9-ddb5-4fa4-a97d-d965ccfc6d4b" outcome="Passed" testListId="8c84fa94-04c1-424b-9868-57a2d4851a1d" relativeResultsDirectory="62a2238d-ace9-4465-8b7c-3f21037908e7">
      <Output>
        <StdOut>_searchService: MagpieMcp.Api.Services.SearchService
result: Magpie - Wikipedia
result: Magpie Bird Facts | Pica Pica - The RSPB Wildlife Charity
result: What Are Magpies? Facts, Myths, and Types of Magpies
result: Magpie | BTO
result: Magpie - The Wildlife Trusts</StdOut>
      </Output>
    </UnitTestResult>
  </Results>
  <TestDefinitions>
    <UnitTest name="MagpieMcp.Api.Tests.SearchIntegrationTest.Test1" storage="/mnt/d/projects/personal/magpiemcp/magpiemcp.api.tests/bin/debug/net10.0/magpiemcp.api.tests.dll" id="2655e983-f253-4cb8-86a1-fd643e035319">
      <Execution id="62a2238d-ace9-4465-8b7c-3f21037908e7" />
      <TestMethod codeBase="/mnt/d/projects/Personal/MagpieMcp/MagpieMcp.Api.Tests/bin/Debug/net10.0/MagpieMcp.Api.Tests.dll" adapterTypeName="executor://xunit/VsTestRunner3/netcore/" className="MagpieMcp.Api.Tests.SearchIntegrationTest" name="Test1" />
    </UnitTest>
  </TestDefinitions>
  <TestEntries>
    <TestEntry testId="2655e983-f253-4cb8-86a1-fd643e035319" executionId="62a2238d-ace9-4465-8b7c-3f21037908e7" testListId="8c84fa94-04c1-424b-9868-57a2d4851a1d" />
  </TestEntries>
  <TestLists>
    <TestList name="Results Not in a List" id="8c84fa94-04c1-424b-9868-57a2d4851a1d" />
    <TestList name="All Loaded Results" id="19431567-8539-422a-85d7-44ee4e166bda" />
  </TestLists>
  <ResultSummary outcome="Completed">
    <Counters total="1" executed="1" passed="1" failed="0" error="0" timeout="0" aborted="0" inconclusive="0" passedButRunAborted="0" notRunnable="0" notExecuted="0" disconnected="0" warning="0" completed="0" inProgress="0" pending="0" />
    <Output>
      <StdOut>Waiting for debugger attach...
Process Id: 971020, Name: dotnet
[xUnit.net 00:00:00.00] xUnit.net VSTest Adapter v3.1.4+50e68bbb8b (64-bit .NET 10.0.8)
[xUnit.net 00:00:00.25]   Discovering: MagpieMcp.Api.Tests
[xUnit.net 00:00:00.36]   Discovered:  MagpieMcp.Api.Tests
[xUnit.net 00:00:00.43]   Starting:    MagpieMcp.Api.Tests
info: System.Net.Http.HttpClient.search.LogicalHandler[100]
      Start processing HTTP request GET https://html.duckduckgo.com/html/?*
info: System.Net.Http.HttpClient.search.ClientHandler[100]
      Sending HTTP request GET https://html.duckduckgo.com/html/?*
info: System.Net.Http.HttpClient.search.ClientHandler[101]
      Received HTTP response headers after 1001.9237ms - 200
info: System.Net.Http.HttpClient.search.LogicalHandler[101]
      End processing HTTP request after 1026.4252ms - 200
[xUnit.net 00:01:12.85]   Finished:    MagpieMcp.Api.Tests
</StdOut>
    </Output>
    <RunInfos>
      <RunInfo computerName="archlive-nexus-x13" outcome="Warning" timestamp="2026-06-06T20:42:41.0521466+01:00">
        <Text>[xUnit.net 00:00:00.02] * Note: Long running test detection and test timeouts are disabled due to an attached debugger *</Text>
      </RunInfo>
    </RunInfos>
  </ResultSummary>
</TestRun>