<?xml version="1.0" encoding="utf-8"?>
<TestRun id="cb68887c-e3e8-4deb-bb69-27529e483463" name="@archlive-nexus-x13 2026-06-06 21:34:56" xmlns="http://microsoft.com/schemas/VisualStudio/TeamTest/2010">
  <Times creation="2026-06-06T21:34:56.4758556+01:00" queuing="2026-06-06T21:34:56.4758557+01:00" start="2026-06-06T21:34:37.2585370+01:00" finish="2026-06-06T21:34:56.4763720+01:00" />
  <TestSettings name="default" id="51ad5015-d0c2-464c-8102-d13838e880d4">
    <Deployment runDeploymentRoot="_archlive-nexus-x13_2026-06-06_21_34_56" />
  </TestSettings>
  <TestLists>
    <TestList name="Results Not in a List" id="8c84fa94-04c1-424b-9868-57a2d4851a1d" />
    <TestList name="All Loaded Results" id="19431567-8539-422a-85d7-44ee4e166bda" />
  </TestLists>
  <ResultSummary outcome="Failed">
    <Counters total="0" executed="0" passed="0" failed="0" error="0" timeout="0" aborted="0" inconclusive="0" passedButRunAborted="0" notRunnable="0" notExecuted="0" disconnected="0" warning="0" completed="0" inProgress="0" pending="0" />
    <Output>
      <StdOut>Waiting for debugger attach...
Process Id: 995000, Name: dotnet
[xUnit.net 00:00:00.00] xUnit.net VSTest Adapter v3.1.4+50e68bbb8b (64-bit .NET 10.0.8)
[xUnit.net 00:00:00.21]   Discovering: MagpieMcp.Api.Tests
[xUnit.net 00:00:00.31]   Discovered:  MagpieMcp.Api.Tests
[xUnit.net 00:00:00.35]   Starting:    MagpieMcp.Api.Tests
</StdOut>
    </Output>
    <RunInfos>
      <RunInfo computerName="archlive-nexus-x13" outcome="Warning" timestamp="2026-06-06T21:34:42.9272183+01:00">
        <Text>[xUnit.net 00:00:00.01] * Note: Long running test detection and test timeouts are disabled due to an attached debugger *</Text>
      </RunInfo>
      <RunInfo computerName="archlive-nexus-x13" outcome="Error" timestamp="2026-06-06T21:34:56.4478341+01:00">
        <Text>The active test run was aborted. Reason: Test host process crashed</Text>
      </RunInfo>
    </RunInfos>
  </ResultSummary>
</TestRun>