<?xml version="1.0" encoding="utf-8"?>
<TestRun id="e55846b3-fe9b-40cd-af1a-3fd3bb923d3d" name="@archlive-nexus-x13 2026-06-06 21:37:59" xmlns="http://microsoft.com/schemas/VisualStudio/TeamTest/2010">
  <Times creation="2026-06-06T21:37:59.9423615+01:00" queuing="2026-06-06T21:37:59.9423616+01:00" start="2026-06-06T21:35:10.3938144+01:00" finish="2026-06-06T21:37:59.9489431+01:00" />
  <TestSettings name="default" id="aa909ffe-b1ff-45aa-a015-e5c7af996aca">
    <Deployment runDeploymentRoot="_archlive-nexus-x13_2026-06-06_21_37_59" />
  </TestSettings>
  <Results>
    <UnitTestResult executionId="e6a343bc-2697-439d-b06e-166e2892e075" testId="2655e983-f253-4cb8-86a1-fd643e035319" testName="MagpieMcp.Api.Tests.SearchIntegrationTest.Test1" computerName="archlive-nexus-x13" duration="00:02:44.0258492" startTime="2026-06-06T21:35:15.7849709+01:00" endTime="2026-06-06T21:37:59.8277555+01:00" testType="13cdc9d9-ddb5-4fa4-a97d-d965ccfc6d4b" outcome="Passed" testListId="8c84fa94-04c1-424b-9868-57a2d4851a1d" relativeResultsDirectory="e6a343bc-2697-439d-b06e-166e2892e075">
      <Output>
        <StdOut>_searchService: MagpieMcp.Api.Services.SearchService
result: Magpie Bird Facts | Pica Pica - The RSPB Wildlife Charity
result: Magpie - Wikipedia
result: Buy and Trade In Phones &amp;amp; Other Tech | musicMagpie
result: What Are Magpies? Facts, Myths, and Types of Magpies
result: British Garden Birds - Magpie</StdOut>
      </Output>
    </UnitTestResult>
  </Results>
  <TestDefinitions>
    <UnitTest name="MagpieMcp.Api.Tests.SearchIntegrationTest.Test1" storage="/mnt/d/projects/personal/magpiemcp/magpiemcp.api.tests/bin/debug/net10.0/magpiemcp.api.tests.dll" id="2655e983-f253-4cb8-86a1-fd643e035319">
      <Execution id="e6a343bc-2697-439d-b06e-166e2892e075" />
      <TestMethod codeBase="/mnt/d/projects/Personal/MagpieMcp/MagpieMcp.Api.Tests/bin/Debug/net10.0/MagpieMcp.Api.Tests.dll" adapterTypeName="executor://xunit/VsTestRunner3/netcore/" className="MagpieMcp.Api.Tests.SearchIntegrationTest" name="Test1" />
    </UnitTest>
  </TestDefinitions>
  <TestEntries>
    <TestEntry testId="2655e983-f253-4cb8-86a1-fd643e035319" executionId="e6a343bc-2697-439d-b06e-166e2892e075" testListId="8c84fa94-04c1-424b-9868-57a2d4851a1d" />
  </TestEntries>
  <TestLists>
    <TestList name="Results Not in a List" id="8c84fa94-04c1-424b-9868-57a2d4851a1d" />
    <TestList name="All Loaded Results" id="19431567-8539-422a-85d7-44ee4e166bda" />
  </TestLists>
  <ResultSummary outcome="Completed">
    <Counters total="1" executed="1" passed="1" failed="0" error="0" timeout="0" aborted="0" inconclusive="0" passedButRunAborted="0" notRunnable="0" notExecuted="0" disconnected="0" warning="0" completed="0" inProgress="0" pending="0" />
    <Output>
      <StdOut>Waiting for debugger attach...
Process Id: 995340, Name: dotnet
[xUnit.net 00:00:00.00] xUnit.net VSTest Adapter v3.1.4+50e68bbb8b (64-bit .NET 10.0.8)
[xUnit.net 00:00:00.14]   Discovering: MagpieMcp.Api.Tests
[xUnit.net 00:00:00.20]   Discovered:  MagpieMcp.Api.Tests
[xUnit.net 00:00:00.22]   Starting:    MagpieMcp.Api.Tests
info: System.Net.Http.HttpClient.search.LogicalHandler[100]
      Start processing HTTP request GET https://html.duckduckgo.com/html/?*
info: System.Net.Http.HttpClient.search.ClientHandler[100]
      Sending HTTP request GET https://html.duckduckgo.com/html/?*
info: System.Net.Http.HttpClient.search.ClientHandler[101]
      Received HTTP response headers after 942.7793ms - 200
info: System.Net.Http.HttpClient.search.LogicalHandler[101]
      End processing HTTP request after 956.1932ms - 200
[xUnit.net 00:02:44.32]   Finished:    MagpieMcp.Api.Tests
</StdOut>
    </Output>
    <RunInfos>
      <RunInfo computerName="archlive-nexus-x13" outcome="Warning" timestamp="2026-06-06T21:35:15.5310673+01:00">
        <Text>[xUnit.net 00:00:00.00] * Note: Long running test detection and test timeouts are disabled due to an attached debugger *</Text>
      </RunInfo>
    </RunInfos>
  </ResultSummary>
</TestRun>